\BOOKMARK [1][-]{section.1}{\376\377\000I\000n\000t\000r\000o\000d\000u\000c\000t\000i\000o\000n}{}% 1
\BOOKMARK [2][-]{subsection.1.1}{\376\377\000C\000o\000n\000t\000e\000x\000t\000e}{section.1}% 2
\BOOKMARK [2][-]{subsection.1.2}{\376\377\000O\000b\000j\000e\000c\000t\000i\000f\000s}{section.1}% 3
\BOOKMARK [2][-]{subsection.1.3}{\376\377\000S\000t\000a\000c\000k\000\040\000t\000e\000c\000h\000n\000i\000q\000u\000e}{section.1}% 4
\BOOKMARK [1][-]{section.2}{\376\377\000A\000r\000c\000h\000i\000t\000e\000c\000t\000u\000r\000e\000\040\0003\000\040\000C\000o\000u\000c\000h\000e\000s}{}% 5
\BOOKMARK [2][-]{subsection.2.1}{\376\377\000B\000r\000o\000n\000z\000e\000\040\000-\000\040\000L\000a\000n\000d\000i\000n\000g\000\040\000Z\000o\000n\000e}{section.2}% 6
\BOOKMARK [2][-]{subsection.2.2}{\376\377\000S\000i\000l\000v\000e\000r\000\040\000-\000\040\000R\000e\000f\000i\000n\000e\000d\000\040\000Z\000o\000n\000e}{section.2}% 7
\BOOKMARK [2][-]{subsection.2.3}{\376\377\000G\000o\000l\000d\000\040\000-\000\040\000A\000n\000a\000l\000y\000t\000i\000c\000s\000\040\000Z\000o\000n\000e}{section.2}% 8
\BOOKMARK [1][-]{section.3}{\376\377\000P\000i\000p\000e\000l\000i\000n\000e\000\040\000E\000T\000L\000T}{}% 9
\BOOKMARK [2][-]{subsection.3.1}{\376\377\000S\000c\000r\000i\000p\000t\000s\000\040\000d\000'\000e\000x\000t\000r\000a\000c\000t\000i\000o\000n\000\040\000e\000t\000\040\000c\000h\000a\000r\000g\000e\000m\000e\000n\000t}{section.3}% 10
\BOOKMARK [2][-]{subsection.3.2}{\376\377\000V\000\351\000r\000i\000f\000i\000c\000a\000t\000i\000o\000n\000\040\000d\000e\000s\000\040\000d\000o\000n\000n\000\351\000e\000s}{section.3}% 11
\BOOKMARK [1][-]{section.4}{\376\377\000O\000p\000t\000i\000m\000i\000s\000a\000t\000i\000o\000n\000s}{}% 12
\BOOKMARK [2][-]{subsection.4.1}{\376\377\000P\000a\000r\000t\000i\000t\000i\000o\000n\000n\000e\000m\000e\000n\000t\000\040\000t\000e\000m\000p\000o\000r\000e\000l}{section.4}% 13
\BOOKMARK [2][-]{subsection.4.2}{\376\377\000F\000o\000r\000m\000a\000t\000\040\000P\000a\000r\000q\000u\000e\000t\000\040\000e\000t\000\040\000c\000o\000m\000p\000r\000e\000s\000s\000i\000o\000n}{section.4}% 14
\BOOKMARK [2][-]{subsection.4.3}{\376\377\000C\000o\000n\000f\000i\000g\000u\000r\000a\000t\000i\000o\000n\000\040\000S\000p\000a\000r\000k}{section.4}% 15
\BOOKMARK [1][-]{section.5}{\376\377\000\311\000v\000a\000l\000u\000a\000t\000i\000o\000n\000\040\000d\000e\000s\000\040\000P\000e\000r\000f\000o\000r\000m\000a\000n\000c\000e\000s}{}% 16
\BOOKMARK [2][-]{subsection.5.1}{\376\377\000M\000\351\000t\000h\000o\000d\000o\000l\000o\000g\000i\000e}{section.5}% 17
\BOOKMARK [2][-]{subsection.5.2}{\376\377\000R\000e\000q\000u\000\352\000t\000e\000s\000\040\000d\000e\000\040\000r\000\351\000f\000\351\000r\000e\000n\000c\000e}{section.5}% 18
\BOOKMARK [2][-]{subsection.5.3}{\376\377\000R\000\351\000s\000u\000l\000t\000a\000t\000s\000\040\000d\000e\000s\000\040\000b\000e\000n\000c\000h\000m\000a\000r\000k\000s}{section.5}% 19
\BOOKMARK [1][-]{section.6}{\376\377\000O\000r\000c\000h\000e\000s\000t\000r\000a\000t\000i\000o\000n\000\040\000A\000i\000r\000f\000l\000o\000w}{}% 20
\BOOKMARK [2][-]{subsection.6.1}{\376\377\000D\000A\000G\000\040\000P\000i\000p\000e\000l\000i\000n\000e}{section.6}% 21
\BOOKMARK [2][-]{subsection.6.2}{\376\377\000D\000A\000G\000\040\000P\000i\000p\000e\000l\000i\000n\000e\000\040\000S\000p\000l\000i\000t\000\040\000\050\000p\000a\000r\000a\000l\000l\000\351\000l\000i\000s\000m\000e\000\051}{section.6}% 22
\BOOKMARK [2][-]{subsection.6.3}{\376\377\000R\000\351\000s\000u\000l\000t\000a\000t\000s\000\040\000d\000'\000e\000x\000\351\000c\000u\000t\000i\000o\000n}{section.6}% 23
\BOOKMARK [1][-]{section.7}{\376\377\000C\000o\000n\000f\000o\000r\000m\000i\000t\000\351\000\040\000R\000G\000P\000D}{}% 24
\BOOKMARK [2][-]{subsection.7.1}{\376\377\000P\000s\000e\000u\000d\000o\000n\000y\000m\000i\000s\000a\000t\000i\000o\000n}{section.7}% 25
\BOOKMARK [2][-]{subsection.7.2}{\376\377\000D\000o\000n\000n\000\351\000e\000s\000\040\000s\000u\000p\000p\000r\000i\000m\000\351\000e\000s}{section.7}% 26
\BOOKMARK [2][-]{subsection.7.3}{\376\377\000M\000i\000n\000i\000m\000i\000s\000a\000t\000i\000o\000n}{section.7}% 27
\BOOKMARK [1][-]{section.8}{\376\377\000C\000o\000n\000c\000l\000u\000s\000i\000o\000n}{}% 28
\BOOKMARK [2][-]{subsection.8.1}{\376\377\000R\000\351\000a\000l\000i\000s\000a\000t\000i\000o\000n\000s}{section.8}% 29
\BOOKMARK [2][-]{subsection.8.2}{\376\377\000M\000\351\000t\000r\000i\000q\000u\000e\000s\000\040\000c\000l\000\351\000s}{section.8}% 30
\BOOKMARK [2][-]{subsection.8.3}{\376\377\000L\000i\000v\000r\000a\000b\000l\000e\000s}{section.8}% 31
\BOOKMARK [1][-]{appendix.A}{\376\377\000S\000c\000r\000i\000p\000t\000s\000\040\000e\000t\000\040\000C\000o\000d\000e\000\040\000S\000o\000u\000r\000c\000e}{}% 32
\BOOKMARK [2][-]{subsection.A.1}{\376\377\000N\000o\000t\000e\000b\000o\000o\000k\000s\000\040\000J\000u\000p\000y\000t\000e\000r}{appendix.A}% 33
\BOOKMARK [2][-]{subsection.A.2}{\376\377\000D\000A\000G\000s\000\040\000A\000i\000r\000f\000l\000o\000w}{appendix.A}% 34
\BOOKMARK [2][-]{subsection.A.3}{\376\377\000J\000o\000b\000s\000\040\000P\000y\000S\000p\000a\000r\000k}{appendix.A}% 35
\BOOKMARK [2][-]{subsection.A.4}{\376\377\000S\000t\000r\000u\000c\000t\000u\000r\000e\000\040\000d\000e\000s\000\040\000r\000\351\000p\000e\000r\000t\000o\000i\000r\000e\000s}{appendix.A}% 36
\BOOKMARK [2][-]{subsection.A.5}{\376\377\000I\000n\000s\000t\000r\000u\000c\000t\000i\000o\000n\000s\000\040\000d\000'\000e\000x\000\351\000c\000u\000t\000i\000o\000n}{appendix.A}% 37
\BOOKMARK [1][-]{appendix.B}{\376\377\000E\000x\000t\000r\000a\000i\000t\000s\000\040\000d\000e\000\040\000C\000o\000d\000e\000\040\000S\000o\000u\000r\000c\000e}{}% 38
\BOOKMARK [2][-]{subsection.B.1}{\376\377\000N\000o\000t\000e\000b\000o\000o\000k\000\040\0000\0001\000\040\000-\000\040\000E\000x\000t\000r\000a\000c\000t\000\040\000B\000r\000o\000n\000z\000e}{appendix.B}% 39
\BOOKMARK [2][-]{subsection.B.2}{\376\377\000N\000o\000t\000e\000b\000o\000o\000k\000\040\0000\0002\000\040\000-\000\040\000T\000r\000a\000n\000s\000f\000o\000r\000m\000\040\000S\000i\000l\000v\000e\000r}{appendix.B}% 40
\BOOKMARK [2][-]{subsection.B.3}{\376\377\000N\000o\000t\000e\000b\000o\000o\000k\000\040\0000\0003\000\040\000-\000\040\000T\000r\000a\000n\000s\000f\000o\000r\000m\000\040\000G\000o\000l\000d}{appendix.B}% 41
\BOOKMARK [2][-]{subsection.B.4}{\376\377\000N\000o\000t\000e\000b\000o\000o\000k\000\040\0000\0004\000\040\000-\000\040\000P\000e\000r\000f\000o\000r\000m\000a\000n\000c\000e\000\040\000B\000e\000n\000c\000h\000m\000a\000r\000k\000s}{appendix.B}% 42
